[INFO] Scanning for projects...
[INFO] 
[INFO] ----------------------< com.example:bookingplan >-----------------------
[INFO] Building bookingplan 0.0.1-SNAPSHOT
[INFO]   from pom.xml
[INFO] --------------------------------[ jar ]---------------------------------
[INFO] 
[INFO] >>> spring-boot:4.0.6:run (default-cli) > test-compile @ bookingplan >>>
[INFO] 
[INFO] --- resources:3.3.1:resources (default-resources) @ bookingplan ---
[INFO] Copying 1 resource from src\main\resources to target\classes
[INFO] Copying 0 resource from src\main\resources to target\classes
[INFO] 
[INFO] --- compiler:3.14.1:compile (default-compile) @ bookingplan ---
[INFO] Nothing to compile - all classes are up to date.
[INFO] 
[INFO] --- resources:3.3.1:testResources (default-testResources) @ bookingplan ---
[INFO] Copying 1 resource from src\test\resources to target\test-classes
[INFO] 
[INFO] --- compiler:3.14.1:testCompile (default-testCompile) @ bookingplan ---
[INFO] Nothing to compile - all classes are up to date.
[INFO] 
[INFO] <<< spring-boot:4.0.6:run (default-cli) < test-compile @ bookingplan <<<
[INFO] 
[INFO] 
[INFO] --- spring-boot:4.0.6:run (default-cli) @ bookingplan ---
[INFO] Attaching agents: []

  .   ____          _            __ _ _
 /\\ / ___'_ __ _ _(_)_ __  __ _ \ \ \ \
( ( )\___ | '_ | '_| | '_ \/ _` | \ \ \ \
 \\/  ___)| |_)| | | | | || (_| |  ) ) ) )
  '  |____| .__|_| |_|_| |_\__, | / / / /
 =========|_|==============|___/=/_/_/_/

 :: Spring Boot ::                (v4.0.6)

2026-06-02T21:09:52.238+02:00  INFO 12600 --- [           main] c.e.bookingplan.BookingplanApplication   : Starting BookingplanApplication using Java 21.0.2 with PID 12600 (C:\Users\Azra\IdeaProjects\bookingplan\target\classes started by Azra in C:\Users\Azra\IdeaProjects\bookingplan)
2026-06-02T21:09:52.245+02:00  INFO 12600 --- [           main] c.e.bookingplan.BookingplanApplication   : No active profile set, falling back to 1 default profile: "default"
2026-06-02T21:09:53.166+02:00  INFO 12600 --- [           main] .s.d.r.c.RepositoryConfigurationDelegate : Bootstrapping Spring Data JPA repositories in DEFAULT mode.
2026-06-02T21:09:53.246+02:00  INFO 12600 --- [           main] .s.d.r.c.RepositoryConfigurationDelegate : Finished Spring Data repository scanning in 68 ms. Found 3 JPA repository interfaces.
2026-06-02T21:09:53.958+02:00  INFO 12600 --- [           main] o.s.boot.tomcat.TomcatWebServer          : Tomcat initialized with port 8080 (http)
2026-06-02T21:09:53.980+02:00  INFO 12600 --- [           main] o.apache.catalina.core.StandardService   : Starting service [Tomcat]
2026-06-02T21:09:53.980+02:00  INFO 12600 --- [           main] o.apache.catalina.core.StandardEngine    : Starting Servlet engine: [Apache Tomcat/11.0.21]
2026-06-02T21:09:54.070+02:00  INFO 12600 --- [           main] b.w.c.s.WebApplicationContextInitializer : Root WebApplicationContext: initialization completed in 1746 ms
2026-06-02T21:09:54.303+02:00  INFO 12600 --- [           main] org.hibernate.orm.jpa                    : HHH008540: Processing PersistenceUnitInfo [name: default]
2026-06-02T21:09:54.379+02:00  INFO 12600 --- [           main] org.hibernate.orm.core                   : HHH000001: Hibernate ORM core version 7.2.12.Final
2026-06-02T21:09:55.128+02:00  INFO 12600 --- [           main] o.s.o.j.p.SpringPersistenceUnitInfo      : No LoadTimeWeaver setup: ignoring JPA class transformer
2026-06-02T21:09:55.174+02:00  INFO 12600 --- [           main] com.zaxxer.hikari.HikariDataSource       : HikariPool-1 - Starting...
2026-06-02T21:09:55.615+02:00  INFO 12600 --- [           main] com.zaxxer.hikari.pool.HikariPool        : HikariPool-1 - Added connection com.mysql.cj.jdbc.ConnectionImpl@57839834
2026-06-02T21:09:55.617+02:00  INFO 12600 --- [           main] com.zaxxer.hikari.HikariDataSource       : HikariPool-1 - Start completed.
2026-06-02T21:09:55.694+02:00  WARN 12600 --- [           main] org.hibernate.orm.deprecation            : HHH90000025: MySQLDialect does not need to be specified explicitly using 'hibernate.dialect' (remove the property setting and it will be selected by default)
2026-06-02T21:09:55.721+02:00  INFO 12600 --- [           main] org.hibernate.orm.connections.pooling    : HHH10001005: Database info:
	Database JDBC URL [jdbc:mysql://localhost:3306/bookingplan]
	Database driver: MySQL Connector/J
	Database dialect: MySQLDialect
	Database version: 8.0.36
	Default catalog/schema: bookingplan/undefined
	Autocommit mode: undefined/unknown
	Isolation level: REPEATABLE_READ [default REPEATABLE_READ]
	JDBC fetch size: none
	Pool: DataSourceConnectionProvider
	Minimum pool size: undefined/unknown
	Maximum pool size: undefined/unknown
2026-06-02T21:09:57.035+02:00  INFO 12600 --- [           main] org.hibernate.orm.core                   : HHH000489: No JTA platform available (set 'hibernate.transaction.jta.platform' to enable JTA platform integration)
2026-06-02T21:09:57.155+02:00  INFO 12600 --- [           main] j.LocalContainerEntityManagerFactoryBean : Initialized JPA EntityManagerFactory for persistence unit 'default'
2026-06-02T21:09:57.261+02:00  INFO 12600 --- [           main] o.s.d.j.r.query.QueryEnhancerFactories   : Hibernate is in classpath; If applicable, HQL parser will be used.
2026-06-02T21:09:58.195+02:00  INFO 12600 --- [           main] o.s.boot.tomcat.TomcatWebServer          : Tomcat started on port 8080 (http) with context path '/'
2026-06-02T21:09:58.202+02:00  INFO 12600 --- [           main] c.e.bookingplan.BookingplanApplication   : Started BookingplanApplication in 6.613 seconds (process running for 7.18)
Hibernate: select count(*) from team t1_0
Hibernate: select u1_0.id,u1_0.address,u1_0.email,u1_0.emergency_contact_name,u1_0.emergency_contact_phone,u1_0.name,u1_0.password,u1_0.phone,u1_0.role from app_user u1_0 where upper(u1_0.email)=upper(?)
Hibernate: select u1_0.id,u1_0.address,u1_0.email,u1_0.emergency_contact_name,u1_0.emergency_contact_phone,u1_0.name,u1_0.password,u1_0.phone,u1_0.role from app_user u1_0 where upper(u1_0.email)=upper(?)
Hibernate: select u1_0.id,u1_0.address,u1_0.email,u1_0.emergency_contact_name,u1_0.emergency_contact_phone,u1_0.name,u1_0.password,u1_0.phone,u1_0.role from app_user u1_0 where upper(u1_0.email)=upper(?)
Hibernate: select s1_0.id,s1_0.assigned_user_id,s1_0.date,s1_0.open,s1_0.requested_user_id,s1_0.status,s1_0.team_id,s1_0.type from shift s1_0
Hibernate: select u1_0.id,u1_0.address,u1_0.email,u1_0.emergency_contact_name,u1_0.emergency_contact_phone,u1_0.name,u1_0.password,u1_0.phone,u1_0.role from app_user u1_0 where u1_0.id=?
Hibernate: select t1_0.id,t1_0.name from team t1_0 where t1_0.id=?
Hibernate: select t1_0.id,t1_0.name from team t1_0 where t1_0.id=?
2026-06-02T21:10:30.908+02:00  INFO 12600 --- [nio-8080-exec-1] o.a.c.c.C.[Tomcat].[localhost].[/]       : Initializing Spring DispatcherServlet 'dispatcherServlet'
2026-06-02T21:10:30.908+02:00  INFO 12600 --- [nio-8080-exec-1] o.s.web.servlet.DispatcherServlet        : Initializing Servlet 'dispatcherServlet'
2026-06-02T21:10:30.909+02:00  INFO 12600 --- [nio-8080-exec-1] o.s.web.servlet.DispatcherServlet        : Completed initialization in 1 ms
Hibernate: select s1_0.id,au1_0.id,au1_0.address,au1_0.email,au1_0.emergency_contact_name,au1_0.emergency_contact_phone,au1_0.name,au1_0.password,au1_0.phone,au1_0.role,s1_0.date,s1_0.open,ru1_0.id,ru1_0.address,ru1_0.email,ru1_0.emergency_contact_name,ru1_0.emergency_contact_phone,ru1_0.name,ru1_0.password,ru1_0.phone,ru1_0.role,s1_0.status,t1_0.id,t1_0.name,s1_0.type from shift s1_0 left join app_user au1_0 on au1_0.id=s1_0.assigned_user_id left join app_user ru1_0 on ru1_0.id=s1_0.requested_user_id left join team t1_0 on t1_0.id=s1_0.team_id where s1_0.id=?
Hibernate: select s1_0.id,au1_0.id,au1_0.address,au1_0.email,au1_0.emergency_contact_name,au1_0.emergency_contact_phone,au1_0.name,au1_0.password,au1_0.phone,au1_0.role,s1_0.date,s1_0.open,ru1_0.id,ru1_0.address,ru1_0.email,ru1_0.emergency_contact_name,ru1_0.emergency_contact_phone,ru1_0.name,ru1_0.password,ru1_0.phone,ru1_0.role,s1_0.status,t1_0.id,t1_0.name,s1_0.type from shift s1_0 left join app_user au1_0 on au1_0.id=s1_0.assigned_user_id left join app_user ru1_0 on ru1_0.id=s1_0.requested_user_id left join team t1_0 on t1_0.id=s1_0.team_id where s1_0.id=?
Hibernate: select u1_0.id,u1_0.address,u1_0.email,u1_0.emergency_contact_name,u1_0.emergency_contact_phone,u1_0.name,u1_0.password,u1_0.phone,u1_0.role from app_user u1_0 where u1_0.id=?
Hibernate: select s1_0.id from shift s1_0 where s1_0.assigned_user_id=? and s1_0.date=? limit ?
Hibernate: select s1_0.id from shift s1_0 where s1_0.requested_user_id=? and s1_0.date=? limit ?
Hibernate: select u1_0.id,u1_0.address,u1_0.email,u1_0.emergency_contact_name,u1_0.emergency_contact_phone,u1_0.name,u1_0.password,u1_0.phone,u1_0.role from app_user u1_0 where upper(u1_0.email)=upper(?)
Hibernate: select u1_0.id,u1_0.address,u1_0.email,u1_0.emergency_contact_name,u1_0.emergency_contact_phone,u1_0.name,u1_0.password,u1_0.phone,u1_0.role from app_user u1_0
Hibernate: select s1_0.id,s1_0.assigned_user_id,s1_0.date,s1_0.open,s1_0.requested_user_id,s1_0.status,s1_0.team_id,s1_0.type from shift s1_0 where s1_0.status=?
Hibernate: select u1_0.id,u1_0.address,u1_0.email,u1_0.emergency_contact_name,u1_0.emergency_contact_phone,u1_0.name,u1_0.password,u1_0.phone,u1_0.role from app_user u1_0 where u1_0.id=?
Hibernate: select t1_0.id,t1_0.name from team t1_0 where t1_0.id=?
Hibernate: select t1_0.id,t1_0.name from team t1_0
Hibernate: select s1_0.id,s1_0.assigned_user_id,s1_0.date,s1_0.open,s1_0.requested_user_id,s1_0.status,s1_0.team_id,s1_0.type from shift s1_0 where s1_0.assigned_user_id=? and s1_0.date between ? and ?
Hibernate: select s1_0.id,s1_0.assigned_user_id,s1_0.date,s1_0.open,s1_0.requested_user_id,s1_0.status,s1_0.team_id,s1_0.type from shift s1_0 where s1_0.date between ? and ?
Hibernate: select u1_0.id,u1_0.address,u1_0.email,u1_0.emergency_contact_name,u1_0.emergency_contact_phone,u1_0.name,u1_0.password,u1_0.phone,u1_0.role from app_user u1_0 where u1_0.id=?
Hibernate: select t1_0.id,t1_0.name from team t1_0 where t1_0.id=?
Hibernate: select t1_0.id,t1_0.name from team t1_0 where t1_0.id=?
Hibernate: select s1_0.id,au1_0.id,au1_0.address,au1_0.email,au1_0.emergency_contact_name,au1_0.emergency_contact_phone,au1_0.name,au1_0.password,au1_0.phone,au1_0.role,s1_0.date,s1_0.open,ru1_0.id,ru1_0.address,ru1_0.email,ru1_0.emergency_contact_name,ru1_0.emergency_contact_phone,ru1_0.name,ru1_0.password,ru1_0.phone,ru1_0.role,s1_0.status,t1_0.id,t1_0.name,s1_0.type from shift s1_0 left join app_user au1_0 on au1_0.id=s1_0.assigned_user_id left join app_user ru1_0 on ru1_0.id=s1_0.requested_user_id left join team t1_0 on t1_0.id=s1_0.team_id where s1_0.id=?
Hibernate: select s1_0.id from shift s1_0 where s1_0.assigned_user_id=? and s1_0.date=? limit ?
Hibernate: select s1_0.id,au1_0.id,au1_0.address,au1_0.email,au1_0.emergency_contact_name,au1_0.emergency_contact_phone,au1_0.name,au1_0.password,au1_0.phone,au1_0.role,s1_0.date,s1_0.open,ru1_0.id,ru1_0.address,ru1_0.email,ru1_0.emergency_contact_name,ru1_0.emergency_contact_phone,ru1_0.name,ru1_0.password,ru1_0.phone,ru1_0.role,s1_0.status,t1_0.id,t1_0.name,s1_0.type from shift s1_0 left join app_user au1_0 on au1_0.id=s1_0.assigned_user_id left join app_user ru1_0 on ru1_0.id=s1_0.requested_user_id left join team t1_0 on t1_0.id=s1_0.team_id where s1_0.id=?
Hibernate: update shift set assigned_user_id=?,date=?,open=?,requested_user_id=?,status=?,team_id=?,type=? where id=?
Hibernate: select s1_0.id,s1_0.assigned_user_id,s1_0.date,s1_0.open,s1_0.requested_user_id,s1_0.status,s1_0.team_id,s1_0.type from shift s1_0 where s1_0.status=?
Hibernate: select s1_0.id,s1_0.assigned_user_id,s1_0.date,s1_0.open,s1_0.requested_user_id,s1_0.status,s1_0.team_id,s1_0.type from shift s1_0 where s1_0.date between ? and ?
Hibernate: select t1_0.id,t1_0.name from team t1_0
Hibernate: select u1_0.id,u1_0.address,u1_0.email,u1_0.emergency_contact_name,u1_0.emergency_contact_phone,u1_0.name,u1_0.password,u1_0.phone,u1_0.role from app_user u1_0
Hibernate: select u1_0.id,u1_0.address,u1_0.email,u1_0.emergency_contact_name,u1_0.emergency_contact_phone,u1_0.name,u1_0.password,u1_0.phone,u1_0.role from app_user u1_0 where u1_0.id=?
Hibernate: select t1_0.id,t1_0.name from team t1_0 where t1_0.id=?
Hibernate: select t1_0.id,t1_0.name from team t1_0 where t1_0.id=?
Hibernate: select u1_0.id,u1_0.address,u1_0.email,u1_0.emergency_contact_name,u1_0.emergency_contact_phone,u1_0.name,u1_0.password,u1_0.phone,u1_0.role from app_user u1_0 where upper(u1_0.email)=upper(?)
Hibernate: select s1_0.id,s1_0.assigned_user_id,s1_0.date,s1_0.open,s1_0.requested_user_id,s1_0.status,s1_0.team_id,s1_0.type from shift s1_0 where s1_0.assigned_user_id=?
Hibernate: select u1_0.id,u1_0.address,u1_0.email,u1_0.emergency_contact_name,u1_0.emergency_contact_phone,u1_0.name,u1_0.password,u1_0.phone,u1_0.role from app_user u1_0 where u1_0.id=?
Hibernate: select t1_0.id,t1_0.name from team t1_0 where t1_0.id=?
Hibernate: select t1_0.id,t1_0.name from team t1_0 where t1_0.id=?
Hibernate: select s1_0.id,s1_0.assigned_user_id,s1_0.date,s1_0.open,s1_0.requested_user_id,s1_0.status,s1_0.team_id,s1_0.type from shift s1_0 where s1_0.open=true
Hibernate: select t1_0.id,t1_0.name from team t1_0 where t1_0.id=?
Hibernate: select t1_0.id,t1_0.name from team t1_0 where t1_0.id=?
Hibernate: select s1_0.id,au1_0.id,au1_0.address,au1_0.email,au1_0.emergency_contact_name,au1_0.emergency_contact_phone,au1_0.name,au1_0.password,au1_0.phone,au1_0.role,s1_0.date,s1_0.open,ru1_0.id,ru1_0.address,ru1_0.email,ru1_0.emergency_contact_name,ru1_0.emergency_contact_phone,ru1_0.name,ru1_0.password,ru1_0.phone,ru1_0.role,s1_0.status,t1_0.id,t1_0.name,s1_0.type from shift s1_0 left join app_user au1_0 on au1_0.id=s1_0.assigned_user_id left join app_user ru1_0 on ru1_0.id=s1_0.requested_user_id left join team t1_0 on t1_0.id=s1_0.team_id where s1_0.id=?
Hibernate: select u1_0.id,u1_0.address,u1_0.email,u1_0.emergency_contact_name,u1_0.emergency_contact_phone,u1_0.name,u1_0.password,u1_0.phone,u1_0.role from app_user u1_0 where u1_0.id=?
Hibernate: select s1_0.id from shift s1_0 where s1_0.assigned_user_id=? and s1_0.date=? limit ?
Hibernate: select s1_0.id from shift s1_0 where s1_0.requested_user_id=? and s1_0.date=? limit ?
Hibernate: select u1_0.id,u1_0.address,u1_0.email,u1_0.emergency_contact_name,u1_0.emergency_contact_phone,u1_0.name,u1_0.password,u1_0.phone,u1_0.role from app_user u1_0 where upper(u1_0.email)=upper(?)
Hibernate: select s1_0.id,s1_0.assigned_user_id,s1_0.date,s1_0.open,s1_0.requested_user_id,s1_0.status,s1_0.team_id,s1_0.type from shift s1_0 where s1_0.date between ? and ?
Hibernate: select u1_0.id,u1_0.address,u1_0.email,u1_0.emergency_contact_name,u1_0.emergency_contact_phone,u1_0.name,u1_0.password,u1_0.phone,u1_0.role from app_user u1_0 where u1_0.id=?
Hibernate: select t1_0.id,t1_0.name from team t1_0 where t1_0.id=?
Hibernate: select t1_0.id,t1_0.name from team t1_0 where t1_0.id=?
Hibernate: select s1_0.id,s1_0.assigned_user_id,s1_0.date,s1_0.open,s1_0.requested_user_id,s1_0.status,s1_0.team_id,s1_0.type from shift s1_0 where s1_0.status=?
Hibernate: select u1_0.id,u1_0.address,u1_0.email,u1_0.emergency_contact_name,u1_0.emergency_contact_phone,u1_0.name,u1_0.password,u1_0.phone,u1_0.role from app_user u1_0
Hibernate: select t1_0.id,t1_0.name from team t1_0
Hibernate: select s1_0.id,s1_0.assigned_user_id,s1_0.date,s1_0.open,s1_0.requested_user_id,s1_0.status,s1_0.team_id,s1_0.type from shift s1_0 where s1_0.assigned_user_id=?
Hibernate: select u1_0.id,u1_0.address,u1_0.email,u1_0.emergency_contact_name,u1_0.emergency_contact_phone,u1_0.name,u1_0.password,u1_0.phone,u1_0.role from app_user u1_0 where u1_0.id=?
Hibernate: select t1_0.id,t1_0.name from team t1_0 where t1_0.id=?
Hibernate: select t1_0.id,t1_0.name from team t1_0 where t1_0.id=?
Hibernate: select s1_0.id,s1_0.assigned_user_id,s1_0.date,s1_0.open,s1_0.requested_user_id,s1_0.status,s1_0.team_id,s1_0.type from shift s1_0 where s1_0.status=?
Hibernate: select s1_0.id,s1_0.assigned_user_id,s1_0.date,s1_0.open,s1_0.requested_user_id,s1_0.status,s1_0.team_id,s1_0.type from shift s1_0 where s1_0.date between ? and ?
Hibernate: select u1_0.id,u1_0.address,u1_0.email,u1_0.emergency_contact_name,u1_0.emergency_contact_phone,u1_0.name,u1_0.password,u1_0.phone,u1_0.role from app_user u1_0 where u1_0.id=?
Hibernate: select t1_0.id,t1_0.name from team t1_0 where t1_0.id=?
Hibernate: select t1_0.id,t1_0.name from team t1_0 where t1_0.id=?
Hibernate: select u1_0.id,u1_0.address,u1_0.email,u1_0.emergency_contact_name,u1_0.emergency_contact_phone,u1_0.name,u1_0.password,u1_0.phone,u1_0.role from app_user u1_0
Hibernate: select t1_0.id,t1_0.name from team t1_0
Hibernate: select s1_0.id,s1_0.assigned_user_id,s1_0.date,s1_0.open,s1_0.requested_user_id,s1_0.status,s1_0.team_id,s1_0.type from shift s1_0 where s1_0.date between ? and ?
Hibernate: select u1_0.id,u1_0.address,u1_0.email,u1_0.emergency_contact_name,u1_0.emergency_contact_phone,u1_0.name,u1_0.password,u1_0.phone,u1_0.role from app_user u1_0 where u1_0.id=?
Hibernate: select t1_0.id,t1_0.name from team t1_0 where t1_0.id=?
Hibernate: select t1_0.id,t1_0.name from team t1_0 where t1_0.id=?
Hibernate: select s1_0.id,s1_0.assigned_user_id,s1_0.date,s1_0.open,s1_0.requested_user_id,s1_0.status,s1_0.team_id,s1_0.type from shift s1_0 where s1_0.status=?
Hibernate: select u1_0.id,u1_0.address,u1_0.email,u1_0.emergency_contact_name,u1_0.emergency_contact_phone,u1_0.name,u1_0.password,u1_0.phone,u1_0.role from app_user u1_0
Hibernate: select t1_0.id,t1_0.name from team t1_0
Hibernate: select s1_0.id,s1_0.assigned_user_id,s1_0.date,s1_0.open,s1_0.requested_user_id,s1_0.status,s1_0.team_id,s1_0.type from shift s1_0 where s1_0.date between ? and ?
Hibernate: select s1_0.id,s1_0.assigned_user_id,s1_0.date,s1_0.open,s1_0.requested_user_id,s1_0.status,s1_0.team_id,s1_0.type from shift s1_0 where s1_0.status=?
Hibernate: select u1_0.id,u1_0.address,u1_0.email,u1_0.emergency_contact_name,u1_0.emergency_contact_phone,u1_0.name,u1_0.password,u1_0.phone,u1_0.role from app_user u1_0 where u1_0.id=?
Hibernate: select t1_0.id,t1_0.name from team t1_0 where t1_0.id=?
Hibernate: select u1_0.id,u1_0.address,u1_0.email,u1_0.emergency_contact_name,u1_0.emergency_contact_phone,u1_0.name,u1_0.password,u1_0.phone,u1_0.role from app_user u1_0
Hibernate: select t1_0.id,t1_0.name from team t1_0 where t1_0.id=?
Hibernate: select t1_0.id,t1_0.name from team t1_0
Hibernate: select s1_0.id,s1_0.assigned_user_id,s1_0.date,s1_0.open,s1_0.requested_user_id,s1_0.status,s1_0.team_id,s1_0.type from shift s1_0 where s1_0.status=?
Hibernate: select u1_0.id,u1_0.address,u1_0.email,u1_0.emergency_contact_name,u1_0.emergency_contact_phone,u1_0.name,u1_0.password,u1_0.phone,u1_0.role from app_user u1_0
Hibernate: select s1_0.id,s1_0.assigned_user_id,s1_0.date,s1_0.open,s1_0.requested_user_id,s1_0.status,s1_0.team_id,s1_0.type from shift s1_0 where s1_0.date between ? and ?
Hibernate: select t1_0.id,t1_0.name from team t1_0
Hibernate: select u1_0.id,u1_0.address,u1_0.email,u1_0.emergency_contact_name,u1_0.emergency_contact_phone,u1_0.name,u1_0.password,u1_0.phone,u1_0.role from app_user u1_0 where u1_0.id=?
Hibernate: select t1_0.id,t1_0.name from team t1_0 where t1_0.id=?
Hibernate: select t1_0.id,t1_0.name from team t1_0 where t1_0.id=?
Hibernate: select s1_0.id,s1_0.assigned_user_id,s1_0.date,s1_0.open,s1_0.requested_user_id,s1_0.status,s1_0.team_id,s1_0.type from shift s1_0 where s1_0.date between ? and ?
Hibernate: select u1_0.id,u1_0.address,u1_0.email,u1_0.emergency_contact_name,u1_0.emergency_contact_phone,u1_0.name,u1_0.password,u1_0.phone,u1_0.role from app_user u1_0 where u1_0.id=?
Hibernate: select s1_0.id,s1_0.assigned_user_id,s1_0.date,s1_0.open,s1_0.requested_user_id,s1_0.status,s1_0.team_id,s1_0.type from shift s1_0 where s1_0.status=?
Hibernate: select t1_0.id,t1_0.name from team t1_0 where t1_0.id=?
Hibernate: select t1_0.id,t1_0.name from team t1_0 where t1_0.id=?
Hibernate: select u1_0.id,u1_0.address,u1_0.email,u1_0.emergency_contact_name,u1_0.emergency_contact_phone,u1_0.name,u1_0.password,u1_0.phone,u1_0.role from app_user u1_0
Hibernate: select t1_0.id,t1_0.name from team t1_0
